Determining if the pthread_create exist failed with the following output:
Change Dir: /home/ditrobotics/tel2022_nuc_ws/build/CMakeFiles/CMakeTmp

Run Build Command:"/usr/bin/make" "cmTC_6a56c/fast"
/usr/bin/make -f CMakeFiles/cmTC_6a56c.dir/build.make CMakeFiles/cmTC_6a56c.dir/build
make[1]: Entering directory '/home/ditrobotics/tel2022_nuc_ws/build/CMakeFiles/CMakeTmp'
Building C object CMakeFiles/cmTC_6a56c.dir/CheckSymbolExists.c.o
/usr/bin/cc    -o CMakeFiles/cmTC_6a56c.dir/CheckSymbolExists.c.o   -c /home/ditrobotics/tel2022_nuc_ws/build/CMakeFiles/CMakeTmp/CheckSymbolExists.c
Linking C executable cmTC_6a56c
/usr/bin/cmake -E cmake_link_script CMakeFiles/cmTC_6a56c.dir/link.txt --verbose=1
/usr/bin/cc      -rdynamic CMakeFiles/cmTC_6a56c.dir/CheckSymbolExists.c.o  -o cmTC_6a56c 
CMakeFiles/cmTC_6a56c.dir/CheckSymbolExists.c.o: In function `main':
CheckSymbolExists.c:(.text+0x1b): undefined reference to `pthread_create'
collect2: error: ld returned 1 exit status
CMakeFiles/cmTC_6a56c.dir/build.make:97: recipe for target 'cmTC_6a56c' failed
make[1]: *** [cmTC_6a56c] Error 1
make[1]: Leaving directory '/home/ditrobotics/tel2022_nuc_ws/build/CMakeFiles/CMakeTmp'
Makefile:126: recipe for target 'cmTC_6a56c/fast' failed
make: *** [cmTC_6a56c/fast] Error 2

File /home/ditrobotics/tel2022_nuc_ws/build/CMakeFiles/CMakeTmp/CheckSymbolExists.c:
/* */
#include <pthread.h>

int main(int argc, char** argv)
{
  (void)argv;
#ifndef pthread_create
  return ((int*)(&pthread_create))[argc];
#else
  (void)argc;
  return 0;
#endif
}

Determining if the function pthread_create exists in the pthreads failed with the following output:
Change Dir: /home/ditrobotics/tel2022_nuc_ws/build/CMakeFiles/CMakeTmp

Run Build Command:"/usr/bin/make" "cmTC_4305f/fast"
/usr/bin/make -f CMakeFiles/cmTC_4305f.dir/build.make CMakeFiles/cmTC_4305f.dir/build
make[1]: Entering directory '/home/ditrobotics/tel2022_nuc_ws/build/CMakeFiles/CMakeTmp'
Building C object CMakeFiles/cmTC_4305f.dir/CheckFunctionExists.c.o
/usr/bin/cc   -DCHECK_FUNCTION_EXISTS=pthread_create   -o CMakeFiles/cmTC_4305f.dir/CheckFunctionExists.c.o   -c /usr/share/cmake-3.10/Modules/CheckFunctionExists.c
Linking C executable cmTC_4305f
/usr/bin/cmake -E cmake_link_script CMakeFiles/cmTC_4305f.dir/link.txt --verbose=1
/usr/bin/cc  -DCHECK_FUNCTION_EXISTS=pthread_create    -rdynamic CMakeFiles/cmTC_4305f.dir/CheckFunctionExists.c.o  -o cmTC_4305f -lpthreads 
/usr/bin/ld: cannot find -lpthreads
collect2: error: ld returned 1 exit status
CMakeFiles/cmTC_4305f.dir/build.make:97: recipe for target 'cmTC_4305f' failed
make[1]: *** [cmTC_4305f] Error 1
make[1]: Leaving directory '/home/ditrobotics/tel2022_nuc_ws/build/CMakeFiles/CMakeTmp'
Makefile:126: recipe for target 'cmTC_4305f/fast' failed
make: *** [cmTC_4305f/fast] Error 2


